[peruoffset.pe/index.html]
[backblue.gif]
[fade.gif]
[index.html]
[maxcdn.bootstrapcdn.com/font-awesome/4.6.3/css/font-awesome.min.css]
[cdnjs.cloudflare.com/ajax/libs/simple-line-icons/2.4.1/css/simple-line-icons.css]
[cdn.jsdelivr.net/npm/slick-carousel@1.8.1/slick/slick.css]
[cdnjs.cloudflare.com/ajax/libs/jquery/3.2.1/jquery.min.js]
[peruoffset.pe/assets/js/jquery.min1.js]
[peruoffset.pe/assets/js/jquerywsp.js]
[peruoffset.pe/assets/js/scriptswsp97e9.js]
[peruoffset.pe/jquery.min.js]
[peruoffset.pe/assets/images/iconos/iz.png]
[peruoffset.pe/assets/images/iconos/der.png]
[peruoffset.pe/assets/js/jquery.contactus.mine606.js]
[peruoffset.pe/index-2.html]
[peruoffset.pe/assets/images/logo.png]
[peruoffset.pe/nosotros.html]
[peruoffset.pe/productos.html]
[peruoffset.pe/agroindustria.html]
[peruoffset.pe/contacto.html]
[peruoffset.pe/assets/images/iconos/facebook.png]
[peruoffset.pe/assets/images/iconos/instagram.png]
[peruoffset.pe/assets/images/iconos/linkedin.png]
[peruoffset.pe/assets/images/certificaciones-bg.jpg]
[peruoffset.pe/assets/videos/slader.mp4]
[peruoffset.pe/assets/images/packagPeru.png]
[peruoffset.pe/tagPeru.html]
[peruoffset.pe/assets/images/etiquetPeru.png]
[peruoffset.pe/microcorPeru.html]
[peruoffset.pe/assets/images/microcorPeru.png]
[peruoffset.pe/flexoPeru.html]
[peruoffset.pe/assets/images/flexoPeru.png]
[peruoffset.pe/tradePeru.html]
[peruoffset.pe/assets/images/tradePeru.png]
[peruoffset.pe/alimentos-y-bebidas.html]
[peruoffset.pe/belleza-y-cosmetica.html]
[peruoffset.pe/delivery.html]
[peruoffset.pe/higiene-y-limpieza.html]
[peruoffset.pe/laboratorios-farmaceuticos.html]
[peruoffset.pe/retail-moda-accesorios.html]
[peruoffset.pe/assets/images/portfolio/img-1.png]
[peruoffset.pe/assets/images/portfolio/img-2.png]
[peruoffset.pe/assets/images/portfolio/img-3.png]
[peruoffset.pe/assets/images/portfolio/img-4.png]
[peruoffset.pe/assets/images/portfolio/img-5.png]
[peruoffset.pe/assets/images/portfolio/img-6.png]
[peruoffset.pe/assets/images/portfolio/img-7.png]
[peruoffset.pe/assets/images/portfolio/img-8.png]
[peruoffset.pe/assets/images/portfolio/img-9.png]
[peruoffset.pe/assets/images/portfolio/img-10.png]
[peruoffset.pe/assets/images/premio.png]
[peruoffset.pe/assets/images/reduce.png]
[peruoffset.pe/assets/images/pefc.png]
[peruoffset.pe/assets/images/fsc.png]
[peruoffset.pe/assets/images/smeta.png]
[peruoffset.pe/assets/images/certificaciones-peruoffset.png]
[peruoffset.pe/assets/images/clientes/viru.png]
[peruoffset.pe/assets/images/clientes/danper.png]
[peruoffset.pe/assets/images/clientes/camposol.png]
[peruoffset.pe/assets/images/clientes/agrovision.png]
[peruoffset.pe/assets/images/clientes/gandules.png]
[peruoffset.pe/assets/images/clientes/beta.png]
[peruoffset.pe/assets/images/clientes/unilever.png]
[peruoffset.pe/assets/images/clientes/sanroque.png]
[peruoffset.pe/assets/images/clientes/pardos.png]
[peruoffset.pe/assets/images/clientes/nestle.png]
[peruoffset.pe/assets/images/clientes/molitalia.png]
[peruoffset.pe/assets/images/clientes/don-mamino.png]
[peruoffset.pe/assets/images/clientes/gloria.png]
[peruoffset.pe/assets/images/clientes/cineplex.png]
[peruoffset.pe/assets/images/clientes/alicorp.png]
[peruoffset.pe/assets/images/clientes/unilebell.png]
[peruoffset.pe/assets/images/clientes/portugal.png]
[peruoffset.pe/assets/images/clientes/pluscosmetica.png]
[peruoffset.pe/assets/images/clientes/natura.png]
[peruoffset.pe/assets/images/clientes/dupre.png]
[peruoffset.pe/assets/images/clientes/life.png]
[peruoffset.pe/assets/images/clientes/vitaline.png]
[peruoffset.pe/assets/images/clientes/iqfarma.png]
[peruoffset.pe/assets/images/clientes/hersil.png]
[peruoffset.pe/assets/images/clientes/glaxo.png]
[peruoffset.pe/assets/images/clientes/ac-farma.png]
[peruoffset.pe/assets/images/clientes/abbott.png]
[peruoffset.pe/assets/images/clientes/cidasa.png]
[peruoffset.pe/assets/images/clientes/intradevco.png]
[peruoffset.pe/assets/images/clientes/layconsa.png]
[peruoffset.pe/assets/images/clientes/fabercastell.png]
[peruoffset.pe/assets/images/clientes/artesco.png]
[peruoffset.pe/jquery.flexisel.js]
[peruoffset.pe/assets/images/iconos/facebook-red.png]
[peruoffset.pe/assets/images/iconos/instagram-red.png]
[peruoffset.pe/assets/images/logo-peruoffset-footer.png]
[peruoffset.pe/assets/images/iconos/pin-red.png]
[peruoffset.pe/assets/js/bootstrap.min.js]
[peruoffset.pe/assets/js/counter.js]
[peruoffset.pe/assets/js/jquery.filterizr.min.js]
[peruoffset.pe/assets/js/jquery.magnific-popup.min.js]
[peruoffset.pe/assets/js/app.js]
[peruoffset.pe/assets/js/custom.js]
[peruoffset.pe/index.html]
[peruoffset.pe/assets/imges/favicon.html]
[maxcdn.bootstrapcdn.com/font-awesome/4.6.3/css/font-awesome.min.css]
[cdnjs.cloudflare.com/ajax/libs/simple-line-icons/2.4.1/css/simple-line-icons.css]
[peruoffset.pe/assets/fonts/glyphicons-halflings-regular.eot]
[peruoffset.pe/assets/fonts/glyphicons-halflings-regulard41d.eot]
[peruoffset.pe/assets/fonts/glyphicons-halflings-regular.woff2]
[peruoffset.pe/assets/fonts/glyphicons-halflings-regular.woff]
[peruoffset.pe/assets/fonts/glyphicons-halflings-regular.ttf]
[peruoffset.pe/assets/css/bootstrap.min.css]
[cdn.jsdelivr.net/npm/slick-carousel@1.8.1/slick/slick.css]
[peruoffset.pe/assets/css/magnific-popup.css]
[peruoffset.pe/assets/css/theme-color/default-theme.css]
[peruoffset.pe/assets/fonts/MarkPro-Bold.ttf]
[peruoffset.pe/assets/fonts/effra-regular.ttf]
[peruoffset.pe/assets/fonts/MarkPro-Ligth.ttf]
[peruoffset.pe/assets/css/font.css]
[peruoffset.pe/assets/images/bgnosotros.png]
[peruoffset.pe/assets/images/sectores/agroindustria.png]
[peruoffset.pe/assets/images/sectores/alimentos-y-bebidas.png]
[peruoffset.pe/assets/images/sectores/delivery.png]
[peruoffset.pe/assets/images/sectores/retail-moda-y-accesorios.png]
[peruoffset.pe/assets/images/sectores/banca-y-seguros.png]
[peruoffset.pe/assets/images/sectores/higiene_limpieza.png]
[peruoffset.pe/assets/images/politicas.png]
[peruoffset.pe/assets/images/iconos/cumplimiento-rojo.png]
[peruoffset.pe/assets/images/iconos/cumplimiento-blanco.png]
[peruoffset.pe/assets/images/iconos/solido-rojo.png]
[peruoffset.pe/assets/images/iconos/solido-blanco.png]
[peruoffset.pe/assets/images/iconos/compromiso-rojo.png]
[peruoffset.pe/assets/images/iconos/compromiso-blanco.png]
[peruoffset.pe/assets/images/iconos/calidad-rojo.png]
[peruoffset.pe/assets/images/iconos/calidad-blanco.png]
[peruoffset.pe/style.css]
[peruoffset.pe/assets/css/servicios.css]
[peruoffset.pe/assets/images/slader.png]
[peruoffset.pe/assets/images/slader3.png]
[peruoffset.pe/assets/images/caja.png]
[peruoffset.pe/assets/images/corazon.png]
[peruoffset.pe/assets/images/letras.png]
[peruoffset.pe/main.css]
[peruoffset.pe/assets/css/flotante.css]
[peruoffset.pe/assets/css/jquery.contactus.min97e9.css]
[peruoffset.pe/index-2.html]
[peruoffset.pe/assets/js/slick.js]
[peruoffset.pe/assets/images/bgnosotros.jpg]
[peruoffset.pe/assets/videos/video_pod.mp4]
[peruoffset.pe/assets/images/icono-politica.png]
[peruoffset.pe/assets/images/iconos/logo-nosotros.png]
[peruoffset.pe/assets/images/iconos/logo-peruoffset.png]
[peruoffset.pe/assets/js/slick.min.js]
[peruoffset.pe/nosotros.html]
[peruoffset.pe/assets/images/productos/packPeru/thumbs/thums_packing1.jpg]
[peruoffset.pe/assets/images/productos/packPeru/thumbs/thums_packing2.jpg]
[peruoffset.pe/assets/images/productos/packPeru/thumbs/thums_packing3.jpg]
[peruoffset.pe/assets/images/productos/packPeru/thumbs/thums_packing4.jpg]
[peruoffset.pe/assets/images/productos/packPeru/thumbs/thums_packing5.jpg]
[peruoffset.pe/assets/images/productos/packPeru/packing1.jpg]
[peruoffset.pe/assets/images/productos/packPeru/packing2.jpg]
[peruoffset.pe/assets/images/productos/packPeru/packing3.jpg]
[peruoffset.pe/assets/images/productos/packPeru/packing4.jpg]
[peruoffset.pe/assets/images/productos/packPeru/packing5.jpg]
[peruoffset.pe/assets/images/iconos/izquierda.png]
[peruoffset.pe/assets/images/iconos/derecha.png]
[peruoffset.pe/productos.html]
[peruoffset.pe/assets/images/bg-lineas.png]
[peruoffset.pe/assets/images/lineas/agroindustria/thumbs/thumbs-agro-1.jpg]
[peruoffset.pe/assets/images/lineas/agroindustria/thumbs/thumbs-agro-2.jpg]
[peruoffset.pe/assets/images/lineas/agroindustria/thumbs/thumbs-agro-3.jpg]
[peruoffset.pe/assets/images/lineas/agroindustria/thumbs/thumbs-agro-4.jpg]
[peruoffset.pe/assets/images/lineas/agroindustria/agro-1.jpg]
[peruoffset.pe/assets/images/lineas/agroindustria/agro-2.jpg]
[peruoffset.pe/assets/images/lineas/agroindustria/agro-3.jpg]
[peruoffset.pe/assets/images/lineas/agroindustria/agro-4.jpg]
[peruoffset.pe/assets/images/iconos/youtube-red.png]
[peruoffset.pe/agroindustria.html]
[peruoffset.pe/assets/images/iconos/contacto-icon.png]
[peruoffset.pe/assets/images/iconos/pin-white.png]
[peruoffset.pe/assets/images/iconos/mapa.png]
[peruoffset.pe/contacto.html]
[peruoffset.pe/assets/images/productos/tagPeru/thumbs/thums_tagPeru1.jpg]
[peruoffset.pe/assets/images/productos/tagPeru/thumbs/thums_tagPeru2.jpg]
[peruoffset.pe/assets/images/productos/tagPeru/thumbs/thums_tagPeru3.jpg]
[peruoffset.pe/assets/images/productos/tagPeru/thumbs/thums_tagPeru4.jpg]
[peruoffset.pe/assets/images/productos/tagPeru/tagPeru1.jpg]
[peruoffset.pe/assets/images/productos/tagPeru/tagPeru2.jpg]
[peruoffset.pe/assets/images/productos/tagPeru/tagPeru3.jpg]
[peruoffset.pe/assets/images/productos/tagPeru/tagPeru4.jpg]
[peruoffset.pe/tagPeru.html]
[peruoffset.pe/assets/images/productos/microcorPeru/thumbs/thums_microcorPeru1.jpg]
[peruoffset.pe/assets/images/productos/microcorPeru/thumbs/thums_microcorPeru2.jpg]
[peruoffset.pe/assets/images/productos/microcorPeru/thumbs/thums_microcorPeru3.jpg]
[peruoffset.pe/assets/images/productos/microcorPeru/thumbs/thums_microcorPeru4.jpg]
[peruoffset.pe/assets/images/productos/microcorPeru/thumbs/thums_microcorPeru5.jpg]
[peruoffset.pe/assets/images/productos/microcorPeru/microcorPeru1.jpg]
[peruoffset.pe/assets/images/productos/microcorPeru/microcorPeru2.jpg]
[peruoffset.pe/assets/images/productos/microcorPeru/microcorPeru3.jpg]
[peruoffset.pe/assets/images/productos/microcorPeru/microcorPeru4.jpg]
[peruoffset.pe/assets/images/productos/microcorPeru/microcorPeru5.jpg]
[peruoffset.pe/microcorPeru.html]
[peruoffset.pe/assets/images/productos/flexoPeru/thumbs/thums_flexoPeru1.jpg]
[peruoffset.pe/assets/images/productos/flexoPeru/thumbs/thums_flexoPeru2.jpg]
[peruoffset.pe/assets/images/productos/flexoPeru/thumbs/thums_flexoPeru3.jpg]
[peruoffset.pe/assets/images/productos/flexoPeru/thumbs/thums_flexoPeru4.jpg]
[peruoffset.pe/assets/images/productos/flexoPeru/thumbs/thums_flexoPeru5.jpg]
[peruoffset.pe/assets/images/productos/flexoPeru/flexoPeru1.jpg]
[peruoffset.pe/assets/images/productos/flexoPeru/flexoPeru2.jpg]
[peruoffset.pe/assets/images/productos/flexoPeru/flexoPeru3.jpg]
[peruoffset.pe/assets/images/productos/flexoPeru/flexoPeru4.jpg]
[peruoffset.pe/assets/images/productos/flexoPeru/flexoPeru5.jpg]
[peruoffset.pe/flexoPeru.html]
[peruoffset.pe/assets/images/productos/tradePeru/thumbs/thums_tradePeru1.jpg]
[peruoffset.pe/assets/images/productos/tradePeru/thumbs/thums_tradePeru2.jpg]
[peruoffset.pe/assets/images/productos/tradePeru/thumbs/thums_tradePeru3.jpg]
[peruoffset.pe/assets/images/productos/tradePeru/thumbs/thums_tradePeru4.jpg]
[peruoffset.pe/assets/images/productos/tradePeru/thumbs/thums_tradePeru5.jpg]
[peruoffset.pe/assets/images/productos/tradePeru/tradePeru1.jpg]
[peruoffset.pe/assets/images/productos/tradePeru/tradePeru2.jpg]
[peruoffset.pe/assets/images/productos/tradePeru/tradePeru3.jpg]
[peruoffset.pe/assets/images/productos/tradePeru/tradePeru4.jpg]
[peruoffset.pe/assets/images/productos/tradePeru/tradePeru5.jpg]
[peruoffset.pe/tradePeru.html]
[peruoffset.pe/assets/images/lineas/alimentos-y-bebidas/thumbs/thumbs-alimentos-y-bebidas-1.jpg]
[peruoffset.pe/assets/images/lineas/alimentos-y-bebidas/thumbs/thumbs-alimentos-y-bebidas-2.jpg]
[peruoffset.pe/assets/images/lineas/alimentos-y-bebidas/thumbs/thumbs-alimentos-y-bebidas-3.jpg]
[peruoffset.pe/assets/images/lineas/alimentos-y-bebidas/thumbs/thumbs-alimentos-y-bebidas-4.jpg]
[peruoffset.pe/assets/images/lineas/alimentos-y-bebidas/alimentos-y-bebidas-1.jpg]
[peruoffset.pe/assets/images/lineas/alimentos-y-bebidas/alimentos-y-bebidas-2.jpg]
[peruoffset.pe/assets/images/lineas/alimentos-y-bebidas/alimentos-y-bebidas-3.jpg]
[peruoffset.pe/assets/images/lineas/alimentos-y-bebidas/alimentos-y-bebidas-4.jpg]
[peruoffset.pe/higiene-y-limpieza-2.html]
[peruoffset.pe/alimentos-y-bebidas.html]
[peruoffset.pe/assets/images/lineas/belleza-y-cosmetica/thumbs/thumbs-belleza-y-cosmetica-1.jpg]
[peruoffset.pe/assets/images/lineas/belleza-y-cosmetica/thumbs/thumbs-belleza-y-cosmetica-2.jpg]
[peruoffset.pe/assets/images/lineas/belleza-y-cosmetica/thumbs/thumbs-belleza-y-cosmetica-3.jpg]
[peruoffset.pe/assets/images/lineas/belleza-y-cosmetica/thumbs/thumbs-belleza-y-cosmetica-4.jpg]
[peruoffset.pe/assets/images/lineas/belleza-y-cosmetica/belleza-y-cosmetica-1.jpg]
[peruoffset.pe/assets/images/lineas/belleza-y-cosmetica/belleza-y-cosmetica-2.jpg]
[peruoffset.pe/assets/images/lineas/belleza-y-cosmetica/belleza-y-cosmetica-3.jpg]
[peruoffset.pe/assets/images/lineas/belleza-y-cosmetica/belleza-y-cosmetica-4.jpg]
[peruoffset.pe/belleza-y-cosmetica.html]
[peruoffset.pe/assets/images/lineas/delivery/thumbs/thumbs-delivery-1.jpg]
[peruoffset.pe/assets/images/lineas/delivery/thumbs/thumbs-delivery-2.jpg]
[peruoffset.pe/assets/images/lineas/delivery/thumbs/thumbs-delivery-3.jpg]
[peruoffset.pe/assets/images/lineas/delivery/thumbs/thumbs-delivery-4.jpg]
[peruoffset.pe/assets/images/lineas/delivery/delivery-1.jpg]
[peruoffset.pe/assets/images/lineas/delivery/delivery-2.jpg]
[peruoffset.pe/assets/images/lineas/delivery/delivery-3.jpg]
[peruoffset.pe/assets/images/lineas/delivery/delivery-4.jpg]
[peruoffset.pe/delivery.html]
[peruoffset.pe/assets/images/lineas/higiene-y-limpieza/thumbs/thumbs-higiene-y-limpieza-1.jpg]
[peruoffset.pe/assets/images/lineas/higiene-y-limpieza/thumbs/thumbs-higiene-y-limpieza-2.jpg]
[peruoffset.pe/assets/images/lineas/higiene-y-limpieza/thumbs/thumbs-higiene-y-limpieza-3.jpg]
[peruoffset.pe/assets/images/lineas/higiene-y-limpieza/thumbs/thumbs-higiene-y-limpieza-4.jpg]
[peruoffset.pe/assets/images/lineas/higiene-y-limpieza/higiene-y-limpieza-1.jpg]
[peruoffset.pe/assets/images/lineas/higiene-y-limpieza/higiene-y-limpieza-2.jpg]
[peruoffset.pe/assets/images/lineas/higiene-y-limpieza/higiene-y-limpieza-3.jpg]
[peruoffset.pe/assets/images/lineas/higiene-y-limpieza/higiene-y-limpieza-4.jpg]
[peruoffset.pe/higiene-y-limpieza.html]
[peruoffset.pe/assets/images/lineas/laboratorios-farmaceuticos/thumbs/thumbs-laboratorios-farmaceuticos-1.jpg]
[peruoffset.pe/assets/images/lineas/laboratorios-farmaceuticos/thumbs/thumbs-laboratorios-farmaceuticos-2.jpg]
[peruoffset.pe/assets/images/lineas/laboratorios-farmaceuticos/thumbs/thumbs-laboratorios-farmaceuticos-3.jpg]
[peruoffset.pe/assets/images/lineas/laboratorios-farmaceuticos/thumbs/thumbs-laboratorios-farmaceuticos-4.jpg]
[peruoffset.pe/assets/images/lineas/laboratorios-farmaceuticos/laboratorios-farmaceuticos-1.jpg]
[peruoffset.pe/assets/images/lineas/laboratorios-farmaceuticos/laboratorios-farmaceuticos-2.jpg]
[peruoffset.pe/assets/images/lineas/laboratorios-farmaceuticos/laboratorios-farmaceuticos-3.jpg]
[peruoffset.pe/assets/images/lineas/laboratorios-farmaceuticos/laboratorios-farmaceuticos-4.jpg]
[peruoffset.pe/laboratorios-farmaceuticos.html]
[peruoffset.pe/assets/images/lineas/retail-moda-accesorios/thumbs/thumbs-retail-1.jpg]
[peruoffset.pe/assets/images/lineas/retail-moda-accesorios/thumbs/thumbs-retail-2.jpg]
[peruoffset.pe/assets/images/lineas/retail-moda-accesorios/thumbs/thumbs-retail-3.jpg]
[peruoffset.pe/assets/images/lineas/retail-moda-accesorios/thumbs/thumbs-retail-4.jpg]
[peruoffset.pe/assets/images/lineas/retail-moda-accesorios/retail-1.jpg]
[peruoffset.pe/assets/images/lineas/retail-moda-accesorios/retail-2.jpg]
[peruoffset.pe/assets/images/lineas/retail-moda-accesorios/retail-3.jpg]
[peruoffset.pe/assets/images/lineas/retail-moda-accesorios/retail-4.jpg]
[peruoffset.pe/retail-moda-accesorios.html]
[peruoffset.pe/assets/fonts/glyphicons-halflings-regular.svg]
[peruoffset.pe/assets/images/sectores/belleza-y-ferfumería.html]
[peruoffset.pe/assets/images/sectores/laboratorios-farmacéuticos.html]
[peruoffset.pe/assets/img/ring-alt.html]
[peruoffset.pe/assets/css/slick.css]
[peruoffset.pe/assets/images/productos/tradePeru/tradePeru6.html]
[peruoffset.pe/higiene-y-limpieza-2.html]
[peruoffset.pe/belleza-y-perfumeria.html]
